CRITICAL - 2021-12-03 18:38:26 --> Use of undefined constant SITE - assumed 'SITE' (this will throw an Error in a future version of PHP)
#0 /opt/lampp/htdocs/code/app/Views/padrao/site.php(7): CodeIgniter\Debug\Exceptions->errorHandler(2, 'Use of undefine...', '/opt/lampp/htdo...', 7, Array)
#1 /opt/lampp/htdocs/code/system/View/View.php(214): include('/opt/lampp/htdo...')
#2 /opt/lampp/htdocs/code/system/View/View.php(217): CodeIgniter\View\View->CodeIgniter\View\{closure}()
#3 /opt/lampp/htdocs/code/system/View/View.php(230): CodeIgniter\View\View->render('padrao/site', Array, true)
#4 /opt/lampp/htdocs/code/system/Common.php(1097): CodeIgniter\View\View->render('entrar', Array, true)
#5 /opt/lampp/htdocs/code/app/Controllers/Home.php(9): view('entrar')
#6 /opt/lampp/htdocs/code/system/CodeIgniter.php(824): App\Controllers\Home->index()
#7 /opt/lampp/htdocs/code/system/CodeIgniter.php(410): CodeIgniter\CodeIgniter->runController(Object(App\Controllers\Home))
#8 /opt/lampp/htdocs/code/system/CodeIgniter.php(318): CodeIgniter\CodeIgniter->handleRequest(NULL, Object(Config\Cache), false)
#9 /opt/lampp/htdocs/code/public/index.php(37): CodeIgniter\CodeIgniter->run()
#10 {main}
CRITICAL - 2021-12-03 18:38:26 --> Uncaught ErrorException: Cannot modify header information - headers already sent by (output started at /opt/lampp/htdocs/code/app/Config/Events.php:32) in /opt/lampp/htdocs/code/system/Debug/Exceptions.php:107
Stack trace:
#0 [internal function]: CodeIgniter\Debug\Exceptions->errorHandler(2, 'Cannot modify h...', '/opt/lampp/htdo...', 107, Array)
#1 /opt/lampp/htdocs/code/system/Debug/Exceptions.php(107): header('HTTP/1.1 500 In...', true, 500)
#2 [internal function]: CodeIgniter\Debug\Exceptions->exceptionHandler(Object(ErrorException))
#3 {main}
  thrown
#0 [internal function]: CodeIgniter\Debug\Exceptions->shutdownHandler()
#1 {main}
CRITICAL - 2021-12-03 18:39:11 --> Use of undefined constant SITE - assumed 'SITE' (this will throw an Error in a future version of PHP)
#0 /opt/lampp/htdocs/code/app/Views/padrao/site.php(7): CodeIgniter\Debug\Exceptions->errorHandler(2, 'Use of undefine...', '/opt/lampp/htdo...', 7, Array)
#1 /opt/lampp/htdocs/code/system/View/View.php(214): include('/opt/lampp/htdo...')
#2 /opt/lampp/htdocs/code/system/View/View.php(217): CodeIgniter\View\View->CodeIgniter\View\{closure}()
#3 /opt/lampp/htdocs/code/system/View/View.php(230): CodeIgniter\View\View->render('padrao/site', Array, true)
#4 /opt/lampp/htdocs/code/system/Common.php(1097): CodeIgniter\View\View->render('entrar', Array, true)
#5 /opt/lampp/htdocs/code/app/Controllers/Home.php(9): view('entrar')
#6 /opt/lampp/htdocs/code/system/CodeIgniter.php(824): App\Controllers\Home->index()
#7 /opt/lampp/htdocs/code/system/CodeIgniter.php(410): CodeIgniter\CodeIgniter->runController(Object(App\Controllers\Home))
#8 /opt/lampp/htdocs/code/system/CodeIgniter.php(318): CodeIgniter\CodeIgniter->handleRequest(NULL, Object(Config\Cache), false)
#9 /opt/lampp/htdocs/code/public/index.php(37): CodeIgniter\CodeIgniter->run()
#10 {main}
CRITICAL - 2021-12-03 18:39:11 --> Uncaught ErrorException: Cannot modify header information - headers already sent by (output started at /opt/lampp/htdocs/code/app/Config/Events.php:32) in /opt/lampp/htdocs/code/system/Debug/Exceptions.php:107
Stack trace:
#0 [internal function]: CodeIgniter\Debug\Exceptions->errorHandler(2, 'Cannot modify h...', '/opt/lampp/htdo...', 107, Array)
#1 /opt/lampp/htdocs/code/system/Debug/Exceptions.php(107): header('HTTP/1.1 500 In...', true, 500)
#2 [internal function]: CodeIgniter\Debug\Exceptions->exceptionHandler(Object(ErrorException))
#3 {main}
  thrown
#0 [internal function]: CodeIgniter\Debug\Exceptions->shutdownHandler()
#1 {main}
